\BOOKMARK [1][-]{figure.caption.2}{Remerciements}{}% 1
\BOOKMARK [1][-]{chapter*.4}{Introduction}{}% 2
\BOOKMARK [0][-]{chapter.1}{Pr\351sentation du stage}{}% 3
\BOOKMARK [1][-]{section.1.1}{Projet global}{chapter.1}% 4
\BOOKMARK [1][-]{section.1.2}{Le robot Baxter }{chapter.1}% 5
\BOOKMARK [1][-]{section.1.3}{Ligne transitique MONTRAC"472}{chapter.1}% 6
\BOOKMARK [2][-]{subsection.1.3.1}{Pr\351sentation}{section.1.3}% 7
\BOOKMARK [2][-]{subsection.1.3.2}{Capteurs et actionneurs}{section.1.3}% 8
\BOOKMARK [1][-]{section.1.4}{Simulation de la ligne transitique}{chapter.1}% 9
\BOOKMARK [1][-]{section.1.5}{Probl\351matique et solution mise en place}{chapter.1}% 10
\BOOKMARK [1][-]{section.1.6}{Pr\351sentation du middleware ROS}{chapter.1}% 11
\BOOKMARK [0][-]{chapter.2}{ROS}{}% 12
\BOOKMARK [1][-]{section.2.1}{Les topics et services de Baxter}{chapter.2}% 13
\BOOKMARK [2][-]{subsection.2.1.1}{Les topics des \351tats}{section.2.1}% 14
\BOOKMARK [2][-]{subsection.2.1.2}{Les topics de commande}{section.2.1}% 15
\BOOKMARK [2][-]{subsection.2.1.3}{Le service Inverse Kinematics}{section.2.1}% 16
\BOOKMARK [1][-]{section.2.2}{Les topics de communication entre Baxter et la ligne transitique}{chapter.2}% 17
\BOOKMARK [1][-]{section.2.3}{Le noeud Commande\137Baxter}{chapter.2}% 18
\BOOKMARK [2][-]{subsection.2.3.1}{La classe Baxter}{section.2.3}% 19
\BOOKMARK [2][-]{subsection.2.3.2}{Les classes Baxter\137left\137arm et Baxter\137right\137arm}{section.2.3}% 20
\BOOKMARK [1][-]{section.2.4}{Le noeud Commande}{chapter.2}% 21
\BOOKMARK [2][-]{subsection.2.4.1}{Les classes Capteurs et Actionneurs}{section.2.4}% 22
\BOOKMARK [2][-]{subsection.2.4.2}{La classe Communication\137Baxter}{section.2.4}% 23
\BOOKMARK [0][-]{chapter.3}{Synth\350se de commande}{}% 24
\BOOKMARK [1][-]{subsection.3.0.3}{Commande du robot seul}{chapter.3}% 25
\BOOKMARK [2][-]{subsection.3.0.4}{Commande de la ligne transitique MONTRAC en int\351ration avec le robot Baxter}{subsection.3.0.3}% 26
\BOOKMARK [1][-]{figure.caption.37}{Conclusion}{chapter.3}% 27
\BOOKMARK [1][-]{chapter*.38}{Bibliographie}{chapter.3}% 28
